
Time: 08/25/20 17:20:26.295 - ERROR *** file /home/unittest/test_build/cubrid/src/connection/connection_cl.c, line 756 ERROR CODE = -353, Tran = -1, EID = 1
Cannot make connection to master server on host "localhost".... No such file or directory

Time: 08/25/20 17:20:26.295 - ERROR *** file /home/unittest/test_build/cubrid/src/transaction/boot_cl.c, line 1786 ERROR CODE = -677, Tran = -1, EID = 2
Failed to connect to database server, 'test1', on the following host(s): localhost

*** The previous error message is the last one. ***


Time: 08/25/20 17:20:46.558 - NOTIFICATION *** file /home/unittest/test_build/cubrid/src/transaction/boot_cl.c, line 1131  CODE = -971, Tran = -1, EID = 1
Program 'csql' (pid 22957) connected to database server 'test1' on the host 'localhost' (port 1523).

Time: 08/25/20 17:22:55.859 - SYNTAX ERROR *** file /home/unittest/test_build/cubrid/src/parser/query_result.c, line 378 ERROR CODE = -494, Tran = 1, EID = 2
Semantic: before '  ( a int, b int); '
Class yoo already exists. create class yoo ( a integer, b integer ) 

Time: 08/25/20 17:22:55.859 - SYNTAX ERROR *** file /home/unittest/test_build/cubrid/src/compat/db_vdb.c, line 941 ERROR CODE = -492, Tran = 1, EID = 3
before '  ( a int, b int); '
Class yoo already exists.

Time: 08/25/20 17:22:55.863 - SYNTAX ERROR *** file /home/unittest/test_build/cubrid/src/parser/query_result.c, line 378 ERROR CODE = -494, Tran = 1, EID = 4
Semantic: before '  ( a int, b int, c varchar(10), d yoo); '
Class xoo already exists. create class xoo ( a integer, b integer, c varchar(10), d yoo ) 

Time: 08/25/20 17:22:55.863 - SYNTAX ERROR *** file /home/unittest/test_build/cubrid/src/compat/db_vdb.c, line 941 ERROR CODE = -492, Tran = 1, EID = 5
before '  ( a int, b int, c varchar(10), d yoo); '
Class xoo already exists.

Time: 08/25/20 17:22:55.867 - SYNTAX ERROR *** file /home/unittest/test_build/cubrid/src/parser/query_result.c, line 378 ERROR CODE = -494, Tran = 1, EID = 6
Semantic: before '  values(100,1)); '
The number of attributes(1) and values(2) are not equal. insert into xoo xoo (xoo.id) 

Time: 08/25/20 17:22:55.867 - SYNTAX ERROR *** file /home/unittest/test_build/cubrid/src/compat/db_vdb.c, line 941 ERROR CODE = -492, Tran = 1, EID = 7
before '  values(100,1)); '
The number of attributes(1) and values(2) are not equal.

Time: 08/25/20 17:22:55.868 - SYNTAX ERROR *** file /home/unittest/test_build/cubrid/src/compat/db_vdb.c, line 941 ERROR CODE = -492, Tran = 1, EID = 8
before ' ,1)); '
Incompatible data type on attribute xoo.

Time: 08/25/20 17:22:55.870 - SYNTAX ERROR *** file /home/unittest/test_build/cubrid/src/parser/query_result.c, line 378 ERROR CODE = -494, Tran = 1, EID = 9
Semantic: before '  values(200,2)); '
The number of attributes(1) and values(2) are not equal. insert into xoo xoo (xoo.id) 

Time: 08/25/20 17:22:55.870 - SYNTAX ERROR *** file /home/unittest/test_build/cubrid/src/compat/db_vdb.c, line 941 ERROR CODE = -492, Tran = 1, EID = 10
before '  values(200,2)); '
The number of attributes(1) and values(2) are not equal.

Time: 08/25/20 17:22:55.871 - SYNTAX ERROR *** file /home/unittest/test_build/cubrid/src/compat/db_vdb.c, line 941 ERROR CODE = -492, Tran = 1, EID = 11
before ' ,2)); '
Incompatible data type on attribute xoo.

Time: 08/25/20 17:22:55.874 - SYNTAX ERROR *** file /home/unittest/test_build/cubrid/src/parser/query_result.c, line 378 ERROR CODE = -494, Tran = 1, EID = 12
Semantic: before '  values(300,3)); '
The number of attributes(1) and values(2) are not equal. insert into xoo xoo (xoo.id) 

Time: 08/25/20 17:22:55.874 - SYNTAX ERROR *** file /home/unittest/test_build/cubrid/src/compat/db_vdb.c, line 941 ERROR CODE = -492, Tran = 1, EID = 13
before '  values(300,3)); '
The number of attributes(1) and values(2) are not equal.

Time: 08/25/20 17:22:55.875 - SYNTAX ERROR *** file /home/unittest/test_build/cubrid/src/compat/db_vdb.c, line 941 ERROR CODE = -492, Tran = 1, EID = 14
before ' ,3)); '
Incompatible data type on attribute xoo.

Time: 08/25/20 17:22:55.878 - SYNTAX ERROR *** file /home/unittest/test_build/cubrid/src/parser/query_result.c, line 378 ERROR CODE = -494, Tran = 1, EID = 15
Semantic: before '  values(400,4)); '
The number of attributes(1) and values(2) are not equal. insert into xoo xoo (xoo.id) 

Time: 08/25/20 17:22:55.878 - SYNTAX ERROR *** file /home/unittest/test_build/cubrid/src/compat/db_vdb.c, line 941 ERROR CODE = -492, Tran = 1, EID = 16
before '  values(400,4)); '
The number of attributes(1) and values(2) are not equal.

Time: 08/25/20 17:22:55.878 - SYNTAX ERROR *** file /home/unittest/test_build/cubrid/src/compat/db_vdb.c, line 941 ERROR CODE = -492, Tran = 1, EID = 17
before ' ,4)); '
Incompatible data type on attribute xoo.

Time: 08/25/20 17:22:55.881 - SYNTAX ERROR *** file /home/unittest/test_build/cubrid/src/parser/query_result.c, line 378 ERROR CODE = -494, Tran = 1, EID = 18
Semantic: before '  values(500,5)); '
The number of attributes(1) and values(2) are not equal. insert into xoo xoo (xoo.id) 

Time: 08/25/20 17:22:55.881 - SYNTAX ERROR *** file /home/unittest/test_build/cubrid/src/compat/db_vdb.c, line 941 ERROR CODE = -492, Tran = 1, EID = 19
before '  values(500,5)); '
The number of attributes(1) and values(2) are not equal.

Time: 08/25/20 17:22:55.882 - SYNTAX ERROR *** file /home/unittest/test_build/cubrid/src/compat/db_vdb.c, line 941 ERROR CODE = -492, Tran = 1, EID = 20
before ' ,5)); '
Incompatible data type on attribute xoo.

Time: 08/25/20 17:22:55.885 - SYNTAX ERROR *** file /home/unittest/test_build/cubrid/src/parser/query_result.c, line 378 ERROR CODE = -494, Tran = 1, EID = 21
Semantic: before '  values(600,6)); '
The number of attributes(1) and values(2) are not equal. insert into xoo xoo (xoo.id) 

Time: 08/25/20 17:22:55.885 - SYNTAX ERROR *** file /home/unittest/test_build/cubrid/src/compat/db_vdb.c, line 941 ERROR CODE = -492, Tran = 1, EID = 22
before '  values(600,6)); '
The number of attributes(1) and values(2) are not equal.

Time: 08/25/20 17:22:55.885 - SYNTAX ERROR *** file /home/unittest/test_build/cubrid/src/compat/db_vdb.c, line 941 ERROR CODE = -492, Tran = 1, EID = 23
before ' ,6)); '
Incompatible data type on attribute xoo.

Time: 08/25/20 17:22:55.888 - SYNTAX ERROR *** file /home/unittest/test_build/cubrid/src/parser/query_result.c, line 378 ERROR CODE = -494, Tran = 1, EID = 24
Semantic: before '  values(700,7)); '
The number of attributes(1) and values(2) are not equal. insert into xoo xoo (xoo.id) 

Time: 08/25/20 17:22:55.888 - SYNTAX ERROR *** file /home/unittest/test_build/cubrid/src/compat/db_vdb.c, line 941 ERROR CODE = -492, Tran = 1, EID = 25
before '  values(700,7)); '
The number of attributes(1) and values(2) are not equal.

Time: 08/25/20 17:22:55.889 - SYNTAX ERROR *** file /home/unittest/test_build/cubrid/src/compat/db_vdb.c, line 941 ERROR CODE = -492, Tran = 1, EID = 26
before ' ,7)); '
Incompatible data type on attribute xoo.

Time: 08/25/20 17:22:55.891 - SYNTAX ERROR *** file /home/unittest/test_build/cubrid/src/parser/query_result.c, line 378 ERROR CODE = -494, Tran = 1, EID = 27
Semantic: before '  values(800,8)); '
The number of attributes(1) and values(2) are not equal. insert into xoo xoo (xoo.id) 

Time: 08/25/20 17:22:55.891 - SYNTAX ERROR *** file /home/unittest/test_build/cubrid/src/compat/db_vdb.c, line 941 ERROR CODE = -492, Tran = 1, EID = 28
before '  values(800,8)); '
The number of attributes(1) and values(2) are not equal.

Time: 08/25/20 17:22:55.892 - SYNTAX ERROR *** file /home/unittest/test_build/cubrid/src/compat/db_vdb.c, line 941 ERROR CODE = -492, Tran = 1, EID = 29
before ' ,8)); '
Incompatible data type on attribute xoo.

Time: 08/25/20 17:22:55.894 - SYNTAX ERROR *** file /home/unittest/test_build/cubrid/src/parser/query_result.c, line 378 ERROR CODE = -494, Tran = 1, EID = 30
Semantic: before '  values(900,9)); '
The number of attributes(1) and values(2) are not equal. insert into xoo xoo (xoo.id) 

Time: 08/25/20 17:22:55.895 - SYNTAX ERROR *** file /home/unittest/test_build/cubrid/src/compat/db_vdb.c, line 941 ERROR CODE = -492, Tran = 1, EID = 31
before '  values(900,9)); '
The number of attributes(1) and values(2) are not equal.

Time: 08/25/20 17:22:55.895 - SYNTAX ERROR *** file /home/unittest/test_build/cubrid/src/compat/db_vdb.c, line 941 ERROR CODE = -492, Tran = 1, EID = 32
before ' ,9)); '
Incompatible data type on attribute xoo.

Time: 08/25/20 17:22:55.898 - SYNTAX ERROR *** file /home/unittest/test_build/cubrid/src/parser/query_result.c, line 378 ERROR CODE = -494, Tran = 1, EID = 33
Semantic: before '  values(1000,10)); '
The number of attributes(1) and values(2) are not equal. insert into xoo xoo (xoo.id) 

Time: 08/25/20 17:22:55.898 - SYNTAX ERROR *** file /home/unittest/test_build/cubrid/src/compat/db_vdb.c, line 941 ERROR CODE = -492, Tran = 1, EID = 34
before '  values(1000,10)); '
The number of attributes(1) and values(2) are not equal.

Time: 08/25/20 17:22:55.898 - SYNTAX ERROR *** file /home/unittest/test_build/cubrid/src/compat/db_vdb.c, line 941 ERROR CODE = -492, Tran = 1, EID = 35
before ' ,10)); '
Incompatible data type on attribute xoo.

Time: 08/25/20 17:22:55.900 - SYNTAX ERROR *** file /home/unittest/test_build/cubrid/src/parser/query_result.c, line 378 ERROR CODE = -494, Tran = 1, EID = 36
Semantic: before '  values(1100, null, null, null); '
The number of attributes(1) and values(4) are not equal. insert into xoo xoo (xoo.id) values (1100, null, null, null)

Time: 08/25/20 17:22:55.900 - SYNTAX ERROR *** file /home/unittest/test_build/cubrid/src/compat/db_vdb.c, line 941 ERROR CODE = -492, Tran = 1, EID = 37
before '  values(1100, null, null, null); '
The number of attributes(1) and values(4) are not equal.

Time: 08/25/20 17:22:55.903 - SYNTAX ERROR *** file /home/unittest/test_build/cubrid/src/parser/query_result.c, line 378 ERROR CODE = -494, Tran = 1, EID = 38
Semantic: before ' ); '
Attribute "a" was not found. create index on xoo (a) 

Time: 08/25/20 17:22:55.903 - SYNTAX ERROR *** file /home/unittest/test_build/cubrid/src/compat/db_vdb.c, line 941 ERROR CODE = -492, Tran = 1, EID = 39
before ' ); '
Attribute "a" was not found.

Time: 08/25/20 17:22:55.905 - SYNTAX ERROR *** file /home/unittest/test_build/cubrid/src/parser/query_result.c, line 378 ERROR CODE = -494, Tran = 1, EID = 40
Semantic: before ' ); '
Attribute "a" was not found. create index on yoo (a) 

Time: 08/25/20 17:22:55.905 - SYNTAX ERROR *** file /home/unittest/test_build/cubrid/src/compat/db_vdb.c, line 941 ERROR CODE = -492, Tran = 1, EID = 41
before ' ); '
Attribute "a" was not found.

Time: 08/25/20 17:22:55.908 - SYNTAX ERROR *** file /home/unittest/test_build/cubrid/src/parser/query_result.c, line 378 ERROR CODE = -494, Tran = 1, EID = 42
Semantic: Class (xoo) does not have attribute b. select  from xoo x1, xoo x2 where = and =100

Time: 08/25/20 17:22:55.908 - SYNTAX ERROR *** file /home/unittest/test_build/cubrid/src/compat/db_vdb.c, line 941 ERROR CODE = -492, Tran = 1, EID = 43
Class (xoo) does not have attribute b.

Time: 08/25/20 17:22:55.909 - SYNTAX ERROR *** file /home/unittest/test_build/cubrid/src/compat/db_vdb.c, line 941 ERROR CODE = -492, Tran = 1, EID = 44
Class (xoo) does not have attribute a.

Time: 08/25/20 17:22:55.909 - SYNTAX ERROR *** file /home/unittest/test_build/cubrid/src/compat/db_vdb.c, line 941 ERROR CODE = -492, Tran = 1, EID = 45
Class (xoo) does not have attribute a.

Time: 08/25/20 17:22:55.910 - SYNTAX ERROR *** file /home/unittest/test_build/cubrid/src/compat/db_vdb.c, line 941 ERROR CODE = -492, Tran = 1, EID = 46
Class (xoo) does not have attribute a.

Time: 08/25/20 17:22:55.913 - SYNTAX ERROR *** file /home/unittest/test_build/cubrid/src/parser/query_result.c, line 378 ERROR CODE = -494, Tran = 1, EID = 47
Semantic: Class (xoo) does not have attribute b. select  from xoo x1, xoo x2 where = and =100

Time: 08/25/20 17:22:55.913 - SYNTAX ERROR *** file /home/unittest/test_build/cubrid/src/compat/db_vdb.c, line 941 ERROR CODE = -492, Tran = 1, EID = 48
Class (xoo) does not have attribute b.

Time: 08/25/20 17:22:55.913 - SYNTAX ERROR *** file /home/unittest/test_build/cubrid/src/compat/db_vdb.c, line 941 ERROR CODE = -492, Tran = 1, EID = 49
Class (xoo) does not have attribute a.

Time: 08/25/20 17:22:55.913 - SYNTAX ERROR *** file /home/unittest/test_build/cubrid/src/compat/db_vdb.c, line 941 ERROR CODE = -492, Tran = 1, EID = 50
Class (xoo) does not have attribute a.

Time: 08/25/20 17:22:55.914 - SYNTAX ERROR *** file /home/unittest/test_build/cubrid/src/compat/db_vdb.c, line 941 ERROR CODE = -492, Tran = 1, EID = 51
Class (xoo) does not have attribute a.

Time: 08/25/20 17:22:55.916 - SYNTAX ERROR *** file /home/unittest/test_build/cubrid/src/parser/query_result.c, line 378 ERROR CODE = -494, Tran = 1, EID = 52
Semantic: before ' ; '
2 in sort spec is out of range. select xoo.id from xoo xoo order by 1, 2

Time: 08/25/20 17:22:55.916 - SYNTAX ERROR *** file /home/unittest/test_build/cubrid/src/compat/db_vdb.c, line 941 ERROR CODE = -492, Tran = 1, EID = 53
before ' ; '
2 in sort spec is out of range.

Time: 08/25/20 17:22:55.918 - SYNTAX ERROR *** file /home/unittest/test_build/cubrid/src/parser/query_result.c, line 378 ERROR CODE = -494, Tran = 1, EID = 54
Semantic: before ' ; '
2 in sort spec is out of range. select yoo.xoo from yoo yoo order by 1, 2

Time: 08/25/20 17:22:55.918 - SYNTAX ERROR *** file /home/unittest/test_build/cubrid/src/compat/db_vdb.c, line 941 ERROR CODE = -492, Tran = 1, EID = 55
before ' ; '
2 in sort spec is out of range.

Time: 08/25/20 17:23:32.058 - SYNTAX ERROR *** file /home/unittest/test_build/cubrid/src/parser/query_result.c, line 378 ERROR CODE = -494, Tran = 1, EID = 56
Semantic: before END OF STATEMENT
Unknown class "yoo". drop yoo

Time: 08/25/20 17:23:32.058 - SYNTAX ERROR *** file /home/unittest/test_build/cubrid/src/compat/db_vdb.c, line 941 ERROR CODE = -492, Tran = 1, EID = 57
before END OF STATEMENT
Unknown class "yoo".

Time: 08/25/20 17:23:43.288 - SYNTAX ERROR *** file /home/unittest/test_build/cubrid/src/parser/query_result.c, line 378 ERROR CODE = -494, Tran = 1, EID = 58
Semantic: before ' ; '
Unknown class "yoo". drop yoo

Time: 08/25/20 17:23:43.288 - SYNTAX ERROR *** file /home/unittest/test_build/cubrid/src/compat/db_vdb.c, line 941 ERROR CODE = -492, Tran = 1, EID = 59
before ' ; '
Unknown class "yoo".

Time: 08/25/20 17:24:01.576 - SYNTAX ERROR *** file /home/unittest/test_build/cubrid/src/parser/query_result.c, line 378 ERROR CODE = -494, Tran = 1, EID = 60
Semantic: before ' ; '
Unknown class "yoo". drop yoo

Time: 08/25/20 17:24:01.576 - SYNTAX ERROR *** file /home/unittest/test_build/cubrid/src/compat/db_vdb.c, line 941 ERROR CODE = -492, Tran = 1, EID = 61
before ' ; '
Unknown class "yoo".

Time: 08/25/20 17:46:20.027 - ERROR *** file /home/unittest/test_build/cubrid/src/communication/network_cl.c, line 180 ERROR CODE = -199, Tran = 1, EID = 62
Server no longer responding.... Invalid argument

Time: 08/25/20 17:46:20.027 - ERROR *** file /home/unittest/test_build/cubrid/src/transaction/transaction_cl.c, line 589 ERROR CODE = -111, Tran = 1, EID = 63
Your transaction has been aborted by the system due to server failure or mode change.

Time: 08/25/20 17:46:20.029 - ERROR *** file /home/unittest/test_build/cubrid/src/compat/db_admin.c, line 1034 ERROR CODE = -224, Tran = -1, EID = 64
A database has not been restarted.

*** The previous error message is the last one. ***


Time: 08/25/20 17:46:24.816 - ERROR *** file /home/unittest/test_build/cubrid/src/connection/connection_cl.c, line 756 ERROR CODE = -353, Tran = -1, EID = 1
Cannot make connection to master server on host "localhost".... No such file or directory

Time: 08/25/20 17:46:24.816 - ERROR *** file /home/unittest/test_build/cubrid/src/transaction/boot_cl.c, line 1786 ERROR CODE = -677, Tran = -1, EID = 2
Failed to connect to database server, 'test1', on the following host(s): localhost

*** The previous error message is the last one. ***


Time: 08/25/20 17:46:42.943 - ERROR *** file /home/unittest/test_build/cubrid/src/communication/network_cl.c, line 3811 ERROR CODE = -191, Tran = -1, EID = 1
Cannot connect to server "test1" on "localhost".

Time: 08/25/20 17:46:42.943 - ERROR *** file /home/unittest/test_build/cubrid/src/transaction/boot_cl.c, line 1786 ERROR CODE = -677, Tran = -1, EID = 2
Failed to connect to database server, 'test1', on the following host(s): localhost

*** The previous error message is the last one. ***


Time: 08/25/20 17:47:30.401 - ERROR *** file /home/unittest/test_build/cubrid/src/communication/network_cl.c, line 3811 ERROR CODE = -191, Tran = -1, EID = 1
Cannot connect to server "test1" on "localhost".

Time: 08/25/20 17:47:30.401 - ERROR *** file /home/unittest/test_build/cubrid/src/transaction/boot_cl.c, line 1786 ERROR CODE = -677, Tran = -1, EID = 2
Failed to connect to database server, 'test1', on the following host(s): localhost

*** The previous error message is the last one. ***

