
Time: 09/16/19 15:25:19.637 - DEBUG *** file /home/jenkins/workspace/cubrid_develop/src/transaction/boot_cl.c, line 1700
trying to connect 'testdb@localhost'

Time: 09/16/19 15:25:19.638 - DEBUG *** file /home/jenkins/workspace/cubrid_develop/src/connection/connection_support.c, line 422
css_readn: POLLHUP Invalid argument
Time: 09/16/19 15:25:19.638 - DEBUG *** file /home/jenkins/workspace/cubrid_develop/src/transaction/boot_cl.c, line 1722
ping server with handshake

Time: 09/16/19 15:25:19.638 - ERROR *** file /home/jenkins/workspace/cubrid_develop/src/communication/network_cl.c, line 3803 ERROR CODE = -191, Tran = -1, EID = 1
Cannot connect to server "testdb" on "localhost".

Time: 09/16/19 15:25:19.638 - DEBUG *** file /home/jenkins/workspace/cubrid_develop/src/transaction/boot_cl.c, line 1752
error -191. try to connect to next host

Time: 09/16/19 15:25:19.638 - ERROR *** file /home/jenkins/workspace/cubrid_develop/src/transaction/boot_cl.c, line 1784 ERROR CODE = -677, Tran = -1, EID = 2
Failed to connect to database server, 'testdb', on the following host(s): localhost

Time: 09/16/19 15:25:19.638 - DEBUG *** file /home/jenkins/workspace/cubrid_develop/src/transaction/boot_cl.c, line 1125
boot_restart_client: boot_client_initialize_css () error -191

Time: 09/16/19 15:25:25.491 - DEBUG *** file /home/jenkins/workspace/cubrid_develop/src/transaction/boot_cl.c, line 1700
trying to connect 'test@localhost'

Time: 09/16/19 15:25:25.491 - DEBUG *** file /home/jenkins/workspace/cubrid_develop/src/transaction/boot_cl.c, line 1722
ping server with handshake

Time: 09/16/19 15:25:25.492 - NOTIFICATION *** file /home/jenkins/workspace/cubrid_develop/src/transaction/boot_cl.c, line 1129  CODE = -971, Tran = -1, EID = 1
Program 'csql' (pid 24182) connected to database server 'test' on the host 'localhost' (port 1523).

Time: 09/16/19 15:25:25.492 - DEBUG *** file /home/jenkins/workspace/cubrid_develop/src/transaction/boot_cl.c, line 1179
boot_restart_client: register client { type 2 db test user dba password (null) program csql login zll host fmdev063.nhncorp.cn pid 24182 }

Time: 09/16/19 15:25:25.510 - SYNTAX ERROR *** file /home/jenkins/workspace/cubrid_develop/src/compat/db_vdb.c, line 926 ERROR CODE = -492, Tran = 2, EID = 2
In line 2, column 1 before ' off; '
Syntax error: unexpected 'autocommit', expecting SELECT or VALUE or VALUES or '('

Time: 09/16/19 15:25:25.000 - SYNTAX ERROR *** file /home/jenkins/workspace/cubrid_develop/src/compat/db_vdb.c, line 926 ERROR CODE = -492, Tran = 2, EID = 3
In line 1, column 1 before ' on; '
Syntax error: unexpected 'autocommit', expecting SELECT or VALUE or VALUES or '('

*** The previous error message is the last one. ***


Time: 09/16/19 15:26:05.492 - DEBUG *** file /home/jenkins/workspace/cubrid_develop/src/transaction/boot_cl.c, line 1700
trying to connect 'test@localhost'

Time: 09/16/19 15:26:05.493 - DEBUG *** file /home/jenkins/workspace/cubrid_develop/src/transaction/boot_cl.c, line 1722
ping server with handshake

Time: 09/16/19 15:26:05.493 - NOTIFICATION *** file /home/jenkins/workspace/cubrid_develop/src/transaction/boot_cl.c, line 1129  CODE = -971, Tran = -1, EID = 1
Program 'csql' (pid 24221) connected to database server 'test' on the host 'localhost' (port 1523).

Time: 09/16/19 15:26:05.494 - DEBUG *** file /home/jenkins/workspace/cubrid_develop/src/transaction/boot_cl.c, line 1179
boot_restart_client: register client { type 2 db test user dba password (null) program csql login zll host fmdev063.nhncorp.cn pid 24221 }

Time: 09/16/19 15:26:05.598 - SYNTAX ERROR *** file /home/jenkins/workspace/cubrid_develop/src/compat/db_vdb.c, line 926 ERROR CODE = -492, Tran = 2, EID = 2
In line 1, column 60 before ' parallel 2; '
Syntax error: unexpected 'online'

Time: 09/16/19 15:26:05.599 - SYNTAX ERROR *** file /home/jenkins/workspace/cubrid_develop/src/compat/db_vdb.c, line 926 ERROR CODE = -492, Tran = 2, EID = 3
In line 1, column 41 before ' 3; '
Syntax error: unexpected 'parallel', expecting SELECT or VALUE or VALUES or '('

*** The previous error message is the last one. ***


Time: 09/16/19 15:26:33.189 - DEBUG *** file /home/jenkins/workspace/cubrid_develop/src/transaction/boot_cl.c, line 1700
trying to connect 'test@localhost'

Time: 09/16/19 15:26:33.189 - DEBUG *** file /home/jenkins/workspace/cubrid_develop/src/transaction/boot_cl.c, line 1722
ping server with handshake

Time: 09/16/19 15:26:33.190 - NOTIFICATION *** file /home/jenkins/workspace/cubrid_develop/src/transaction/boot_cl.c, line 1129  CODE = -971, Tran = -1, EID = 1
Program 'csql' (pid 24245) connected to database server 'test' on the host 'localhost' (port 1523).

Time: 09/16/19 15:26:33.190 - DEBUG *** file /home/jenkins/workspace/cubrid_develop/src/transaction/boot_cl.c, line 1179
boot_restart_client: register client { type 2 db test user dba password (null) program csql login zll host fmdev063.nhncorp.cn pid 24245 }

Time: 09/16/19 15:26:33.295 - SYNTAX ERROR *** file /home/jenkins/workspace/cubrid_develop/src/compat/db_vdb.c, line 926 ERROR CODE = -492, Tran = 2, EID = 2
In line 1, column 60 before ' parallel 2; '
Syntax error: unexpected 'online'

*** The previous error message is the last one. ***


Time: 09/16/19 15:26:48.357 - DEBUG *** file /home/jenkins/workspace/cubrid_develop/src/transaction/boot_cl.c, line 1700
trying to connect 'test@localhost'

Time: 09/16/19 15:26:48.358 - DEBUG *** file /home/jenkins/workspace/cubrid_develop/src/transaction/boot_cl.c, line 1722
ping server with handshake

Time: 09/16/19 15:26:48.358 - NOTIFICATION *** file /home/jenkins/workspace/cubrid_develop/src/transaction/boot_cl.c, line 1129  CODE = -971, Tran = -1, EID = 1
Program 'csql' (pid 24261) connected to database server 'test' on the host 'localhost' (port 1523).

Time: 09/16/19 15:26:48.359 - DEBUG *** file /home/jenkins/workspace/cubrid_develop/src/transaction/boot_cl.c, line 1179
boot_restart_client: register client { type 2 db test user dba password (null) program csql login zll host fmdev063.nhncorp.cn pid 24261 }

Time: 09/16/19 15:26:48.458 - SYNTAX ERROR *** file /home/jenkins/workspace/cubrid_develop/src/compat/db_vdb.c, line 926 ERROR CODE = -492, Tran = 2, EID = 2
In line 1, column 60 before ' ; '
Syntax error: unexpected 'online'

*** The previous error message is the last one. ***


Time: 09/16/19 15:27:31.502 - DEBUG *** file /home/jenkins/workspace/cubrid_develop/src/transaction/boot_cl.c, line 1700
trying to connect 'test@localhost'

Time: 09/16/19 15:27:31.502 - DEBUG *** file /home/jenkins/workspace/cubrid_develop/src/transaction/boot_cl.c, line 1722
ping server with handshake

Time: 09/16/19 15:27:31.503 - NOTIFICATION *** file /home/jenkins/workspace/cubrid_develop/src/transaction/boot_cl.c, line 1129  CODE = -971, Tran = -1, EID = 1
Program 'csql' (pid 24301) connected to database server 'test' on the host 'localhost' (port 1523).

Time: 09/16/19 15:27:31.504 - DEBUG *** file /home/jenkins/workspace/cubrid_develop/src/transaction/boot_cl.c, line 1179
boot_restart_client: register client { type 2 db test user dba password (null) program csql login zll host fmdev063.nhncorp.cn pid 24301 }

Time: 09/16/19 15:27:31.602 - SYNTAX ERROR *** file /home/jenkins/workspace/cubrid_develop/src/compat/db_vdb.c, line 926 ERROR CODE = -492, Tran = 2, EID = 2
PARALLEL count argument must be between 1 and 16.

*** The previous error message is the last one. ***


Time: 09/16/19 15:27:43.775 - DEBUG *** file /home/jenkins/workspace/cubrid_develop/src/transaction/boot_cl.c, line 1700
trying to connect 'test@localhost'

Time: 09/16/19 15:27:43.775 - DEBUG *** file /home/jenkins/workspace/cubrid_develop/src/transaction/boot_cl.c, line 1722
ping server with handshake

Time: 09/16/19 15:27:43.775 - NOTIFICATION *** file /home/jenkins/workspace/cubrid_develop/src/transaction/boot_cl.c, line 1129  CODE = -971, Tran = -1, EID = 1
Program 'csql' (pid 24313) connected to database server 'test' on the host 'localhost' (port 1523).

Time: 09/16/19 15:27:43.776 - DEBUG *** file /home/jenkins/workspace/cubrid_develop/src/transaction/boot_cl.c, line 1179
boot_restart_client: register client { type 2 db test user dba password (null) program csql login zll host fmdev063.nhncorp.cn pid 24313 }

Time: 09/16/19 15:27:45.807 - DEBUG *** file /home/jenkins/workspace/cubrid_develop/src/transaction/boot_cl.c, line 1700
trying to connect 'test@localhost'

Time: 09/16/19 15:27:45.807 - DEBUG *** file /home/jenkins/workspace/cubrid_develop/src/transaction/boot_cl.c, line 1722
ping server with handshake

Time: 09/16/19 15:27:45.807 - NOTIFICATION *** file /home/jenkins/workspace/cubrid_develop/src/transaction/boot_cl.c, line 1129  CODE = -971, Tran = -1, EID = 1
Program 'csql' (pid 24315) connected to database server 'test' on the host 'localhost' (port 1523).

Time: 09/16/19 15:27:45.808 - DEBUG *** file /home/jenkins/workspace/cubrid_develop/src/transaction/boot_cl.c, line 1179
boot_restart_client: register client { type 2 db test user dba password (null) program csql login zll host fmdev063.nhncorp.cn pid 24315 }

Time: 09/16/19 15:28:05.479 - DEBUG *** file /home/jenkins/workspace/cubrid_develop/src/transaction/boot_cl.c, line 1700
trying to connect 'test@localhost'

Time: 09/16/19 15:28:05.479 - DEBUG *** file /home/jenkins/workspace/cubrid_develop/src/transaction/boot_cl.c, line 1722
ping server with handshake

Time: 09/16/19 15:28:05.480 - NOTIFICATION *** file /home/jenkins/workspace/cubrid_develop/src/transaction/boot_cl.c, line 1129  CODE = -971, Tran = -1, EID = 1
Program 'csql' (pid 24333) connected to database server 'test' on the host 'localhost' (port 1523).

Time: 09/16/19 15:28:05.480 - DEBUG *** file /home/jenkins/workspace/cubrid_develop/src/transaction/boot_cl.c, line 1179
boot_restart_client: register client { type 2 db test user dba password (null) program csql login zll host fmdev063.nhncorp.cn pid 24333 }

Time: 09/16/19 15:28:35.032 - DEBUG *** file /home/jenkins/workspace/cubrid_develop/src/transaction/boot_cl.c, line 1700
trying to connect 'test@localhost'

Time: 09/16/19 15:28:35.032 - DEBUG *** file /home/jenkins/workspace/cubrid_develop/src/transaction/boot_cl.c, line 1722
ping server with handshake

Time: 09/16/19 15:28:35.033 - NOTIFICATION *** file /home/jenkins/workspace/cubrid_develop/src/transaction/boot_cl.c, line 1129  CODE = -971, Tran = -1, EID = 1
Program 'csql' (pid 24362) connected to database server 'test' on the host 'localhost' (port 1523).

Time: 09/16/19 15:28:35.033 - DEBUG *** file /home/jenkins/workspace/cubrid_develop/src/transaction/boot_cl.c, line 1179
boot_restart_client: register client { type 2 db test user dba password (null) program csql login zll host fmdev063.nhncorp.cn pid 24362 }

Time: 09/16/19 15:28:35.080 - SYNTAX ERROR *** file /home/jenkins/workspace/cubrid_develop/src/parser/query_result.c, line 378 ERROR CODE = -494, Tran = 2, EID = 2
Semantic: before ' ) with online parallel 2; '
Cannot use duplicate attribute names in index key list. Attribute name 'col1' listed more than once. create index [idx] on ddl_0001 (col1, col2, col1)  WITH ONLINE 

Time: 09/16/19 15:28:35.080 - SYNTAX ERROR *** file /home/jenkins/workspace/cubrid_develop/src/compat/db_vdb.c, line 926 ERROR CODE = -492, Tran = 2, EID = 3
before ' ) with online parallel 2; '
Cannot use duplicate attribute names in index key list. Attribute name 'col1' listed more than once.

*** The previous error message is the last one. ***

